<?xml version="1.0" encoding="UTF-8"?>
<!-- Generated by org.testng.reporters.JUnitReportReporter -->
<testsuite hostname="Sushil" failures="0" tests="1" name="biz.module2.selectmanufacturer" time="0.780" errors="0" timestamp="2023-10-20T13:09:16 IST" skipped="0">
  <testcase classname="biz.module2.selectmanufacturer" name="testselectmanufacturer" time="0.780"/>
  <system-out/>
</testsuite> <!-- biz.module2.selectmanufacturer -->
