<?xml version="1.0" encoding="UTF-8"?>
<!-- Generated by org.testng.reporters.JUnitReportReporter -->
<testsuite hostname="Sushil" failures="0" tests="1" name="biz.module1.validateuser" time="1.347" errors="0" timestamp="2023-09-23T11:08:51 IST" skipped="0">
  <testcase classname="biz.module1.validateuser" name="testvalidateuser" time="1.347"/>
  <system-out/>
</testsuite> <!-- biz.module1.validateuser -->
