<?xml version="1.0" encoding="UTF-8"?>
<!-- Generated by org.testng.reporters.JUnitReportReporter -->
<testsuite hostname="Sushil" failures="0" tests="1" name="biz.module1.readdata" time="0.907" errors="0" timestamp="2023-10-16T15:38:54 IST" skipped="0">
  <testcase classname="biz.module1.readdata" name="read" time="0.907"/>
  <system-out/>
</testsuite> <!-- biz.module1.readdata -->
