<?xml version="1.0" encoding="UTF-8"?>
<!-- Generated by org.testng.reporters.JUnitReportReporter -->
<testsuite hostname="Sushil" failures="0" tests="1" name="biz.module2.searchproduct" time="0.502" errors="0" timestamp="2023-10-20T13:12:51 IST" skipped="0">
  <testcase classname="biz.module2.searchproduct" name="testsearchproduct" time="0.502"/>
  <system-out/>
</testsuite> <!-- biz.module2.searchproduct -->
